0 info it worked if it ends with ok
1 verbose cli [ '/usr/bin/node',
1 verbose cli   '/usr/bin/npm',
1 verbose cli   'install',
1 verbose cli   '-g',
1 verbose cli   'devtools-terminal' ]
2 info using npm@1.4.3
3 info using node@v0.10.26
4 verbose node symlink /usr/bin/node
5 verbose cache add [ 'devtools-terminal', null ]
6 verbose cache add name=undefined spec="devtools-terminal" args=["devtools-terminal",null]
7 verbose parsed url { protocol: null,
7 verbose parsed url   slashes: null,
7 verbose parsed url   auth: null,
7 verbose parsed url   host: null,
7 verbose parsed url   port: null,
7 verbose parsed url   hostname: null,
7 verbose parsed url   hash: null,
7 verbose parsed url   search: null,
7 verbose parsed url   query: null,
7 verbose parsed url   pathname: 'devtools-terminal',
7 verbose parsed url   path: 'devtools-terminal',
7 verbose parsed url   href: 'devtools-terminal' }
8 silly lockFile e21d316e-devtools-terminal devtools-terminal
9 verbose lock devtools-terminal /home/simplon/.npm/e21d316e-devtools-terminal.lock
10 silly lockFile e21d316e-devtools-terminal devtools-terminal
11 silly lockFile e21d316e-devtools-terminal devtools-terminal
12 verbose addNamed [ 'devtools-terminal', '' ]
13 verbose addNamed [ null, '*' ]
14 silly lockFile 13bdf9d5-devtools-terminal devtools-terminal@
15 verbose lock devtools-terminal@ /home/simplon/.npm/13bdf9d5-devtools-terminal.lock
16 silly addNameRange { name: 'devtools-terminal', range: '*', hasData: false }
17 verbose url raw devtools-terminal
18 verbose url resolving [ 'https://registry.npmjs.org/', './devtools-terminal' ]
19 verbose url resolved https://registry.npmjs.org/devtools-terminal
20 info trying registry request attempt 1 at 11:13:56
21 verbose etag "2RPZEAOY0JLJQFD564499HGMS"
22 http GET https://registry.npmjs.org/devtools-terminal
23 http 304 https://registry.npmjs.org/devtools-terminal
24 silly registry.get cb [ 304,
24 silly registry.get   { date: 'Mon, 10 Mar 2014 10:13:56 GMT',
24 silly registry.get     server: 'Apache',
24 silly registry.get     via: '1.1 varnish',
24 silly registry.get     'last-modified': 'Mon, 10 Mar 2014 10:13:56 GMT',
24 silly registry.get     'cache-control': 'max-age=1',
24 silly registry.get     etag: '"2RPZEAOY0JLJQFD564499HGMS"',
24 silly registry.get     'x-served-by': 'cache-fra1223-FRA',
24 silly registry.get     'x-cache': 'MISS',
24 silly registry.get     'x-cache-hits': '0',
24 silly registry.get     'x-timer': 'S1394446436.612912893,VS0,VE108',
24 silly registry.get     vary: 'Accept',
24 silly registry.get     'content-length': '0',
24 silly registry.get     'keep-alive': 'timeout=10, max=50',
24 silly registry.get     connection: 'Keep-Alive' } ]
25 verbose etag devtools-terminal from cache
26 silly addNameRange number 2 { name: 'devtools-terminal', range: '*', hasData: true }
27 silly addNameRange versions [ 'devtools-terminal', [ '0.0.1', '0.1.0', '0.1.1' ] ]
28 verbose addNamed [ 'devtools-terminal', '0.1.1' ]
29 verbose addNamed [ '0.1.1', '0.1.1' ]
30 silly lockFile 0bdf7b95-devtools-terminal-0-1-1 devtools-terminal@0.1.1
31 verbose lock devtools-terminal@0.1.1 /home/simplon/.npm/0bdf7b95-devtools-terminal-0-1-1.lock
32 silly lockFile 0bdf7b95-devtools-terminal-0-1-1 devtools-terminal@0.1.1
33 silly lockFile 0bdf7b95-devtools-terminal-0-1-1 devtools-terminal@0.1.1
34 silly lockFile 13bdf9d5-devtools-terminal devtools-terminal@
35 silly lockFile 13bdf9d5-devtools-terminal devtools-terminal@
36 silly resolved [ { name: 'devtools-terminal',
36 silly resolved     preferGlobal: true,
36 silly resolved     version: '0.1.1',
36 silly resolved     author: { name: 'Dmitry Filimonov', email: 'me@dfilimonov.com' },
36 silly resolved     description: 'Terminal in Chrome Devtools',
36 silly resolved     contributors: [ [Object] ],
36 silly resolved     bin: { 'devtools-terminal': './bin/devtools-terminal' },
36 silly resolved     repository:
36 silly resolved      { type: 'git',
36 silly resolved        url: 'https://github.com/petethepig/devtools-terminal.git' },
36 silly resolved     dependencies: { 'pty.js': '*', optimist: '*', 'socket.io': '*', mkdirp: '*' },
36 silly resolved     license: 'MIT',
36 silly resolved     engines: { node: '>=0.8' },
36 silly resolved     bugs: { url: 'https://github.com/petethepig/devtools-terminal/issues' },
36 silly resolved     readme: 'ERROR: No README data found!',
36 silly resolved     homepage: 'https://github.com/petethepig/devtools-terminal',
36 silly resolved     _id: 'devtools-terminal@0.1.1',
36 silly resolved     _from: 'devtools-terminal@' } ]
37 info install devtools-terminal@0.1.1 into /usr/lib
38 info installOne devtools-terminal@0.1.1
39 info /usr/lib/node_modules/devtools-terminal unbuild
40 info preuninstall devtools-terminal@0.1.1
41 info uninstall devtools-terminal@0.1.1
42 verbose true,/usr/lib/node_modules,/usr/lib/node_modules unbuild devtools-terminal@0.1.1
43 verbose /usr/bin,[object Object] binRoot
44 info /usr/lib/node_modules/devtools-terminal unbuild
45 info preuninstall devtools-terminal@0.1.1
46 info uninstall devtools-terminal@0.1.1
47 verbose true,/usr/lib/node_modules,/usr/lib/node_modules unbuild devtools-terminal@0.1.1
48 verbose /usr/bin,[object Object] binRoot
49 error error rolling back Error: EACCES, unlink '/usr/bin/devtools-terminal'
49 error error rolling back  devtools-terminal@0.1.1 { [Error: EACCES, unlink '/usr/bin/devtools-terminal'] errno: 3, code: 'EACCES', path: '/usr/bin/devtools-terminal' }
50 error Error: EACCES, unlink '/usr/bin/devtools-terminal'
50 error  { [Error: EACCES, unlink '/usr/bin/devtools-terminal'] errno: 3, code: 'EACCES', path: '/usr/bin/devtools-terminal' }
51 error Please try running this command again as root/Administrator.
52 error System Linux 3.8.0-37-generic
53 error command "/usr/bin/node" "/usr/bin/npm" "install" "-g" "devtools-terminal"
54 error cwd /home/simplon/Documents/DocumentationPersonnelle
55 error node -v v0.10.26
56 error npm -v 1.4.3
57 error path /usr/bin/devtools-terminal
58 error code EACCES
59 error errno 3
60 error stack Error: EACCES, unlink '/usr/bin/devtools-terminal'
61 verbose exit [ 3, true ]
